<?xml version="1.0" encoding="UTF-8"?>
<testsuite xmlns:xsi="http://www.w3.org/2001/XMLSchema-instance" xsi:noNamespaceSchemaLocation="https://maven.apache.org/surefire/maven-surefire-plugin/xsd/surefire-test-report.xsd" name="java_calendar.AppTest" time="0.082" tests="1" errors="0" skipped="0" failures="0">
  <properties>
    <property name="sun.desktop" value="windows"/>
    <property name="awt.toolkit" value="sun.awt.windows.WToolkit"/>
    <property name="java.specification.version" value="11"/>
    <property name="sun.cpu.isalist" value="amd64"/>
    <property name="sun.jnu.encoding" value="Cp1252"/>
    <property name="java.class.path" value="D:\Long_Document\VGU-CS\excercise\java_calendar\calendar\target\test-classes;D:\Long_Document\VGU-CS\excercise\java_calendar\calendar\target\classes;C:\Users\COMPUTER\.m2\repository\junit\junit\4.11\junit-4.11.jar;C:\Users\COMPUTER\.m2\repository\org\hamcrest\hamcrest-core\1.3\hamcrest-core-1.3.jar;"/>
    <property name="java.vm.vendor" value="AdoptOpenJDK"/>
    <property name="sun.arch.data.model" value="64"/>
    <property name="user.variant" value=""/>
    <property name="java.vendor.url" value="https://adoptopenjdk.net/"/>
    <property name="user.timezone" value="Europe/Berlin"/>
    <property name="java.vm.specification.version" value="11"/>
    <property name="os.name" value="Windows 10"/>
    <property name="sun.java.launcher" value="SUN_STANDARD"/>
    <property name="user.country" value="US"/>
    <property name="sun.boot.library.path" value="C:\Program Files\AdoptOpenJDK\jdk-11.0.8.10-hotspot\bin"/>
    <property name="sun.java.command" value="C:\Users\COMPUTER\AppData\Local\Temp\surefire13345078227391888623\surefirebooter5212186593434288943.jar C:\Users\COMPUTER\AppData\Local\Temp\surefire13345078227391888623 2020-11-10T09-57-44_658-jvmRun1 surefire17712406691249874312tmp surefire_013825680341343714227tmp"/>
    <property name="jdk.debug" value="release"/>
    <property name="surefire.test.class.path" value="D:\Long_Document\VGU-CS\excercise\java_calendar\calendar\target\test-classes;D:\Long_Document\VGU-CS\excercise\java_calendar\calendar\target\classes;C:\Users\COMPUTER\.m2\repository\junit\junit\4.11\junit-4.11.jar;C:\Users\COMPUTER\.m2\repository\org\hamcrest\hamcrest-core\1.3\hamcrest-core-1.3.jar;"/>
    <property name="sun.cpu.endian" value="little"/>
    <property name="user.home" value="C:\Users\COMPUTER"/>
    <property name="user.language" value="en"/>
    <property name="java.specification.vendor" value="Oracle Corporation"/>
    <property name="java.version.date" value="2020-07-14"/>
    <property name="java.home" value="C:\Program Files\AdoptOpenJDK\jdk-11.0.8.10-hotspot"/>
    <property name="file.separator" value="\"/>
    <property name="basedir" value="D:\Long_Document\VGU-CS\excercise\java_calendar\calendar"/>
    <property name="java.vm.compressedOopsMode" value="32-bit"/>
    <property name="line.separator" value="&#10;"/>
    <property name="java.specification.name" value="Java Platform API Specification"/>
    <property name="java.vm.specification.vendor" value="Oracle Corporation"/>
    <property name="java.awt.graphicsenv" value="sun.awt.Win32GraphicsEnvironment"/>
    <property name="surefire.real.class.path" value="C:\Users\COMPUTER\AppData\Local\Temp\surefire13345078227391888623\surefirebooter5212186593434288943.jar"/>
    <property name="user.script" value=""/>
    <property name="sun.management.compiler" value="HotSpot 64-Bit Tiered Compilers"/>
    <property name="java.runtime.version" value="11.0.8+10"/>
    <property name="user.name" value="COMPUTER"/>
    <property name="path.separator" value=";"/>
    <property name="os.version" value="10.0"/>
    <property name="java.runtime.name" value="OpenJDK Runtime Environment"/>
    <property name="file.encoding" value="Cp1252"/>
    <property name="java.vm.name" value="OpenJDK 64-Bit Server VM"/>
    <property name="java.vendor.version" value="AdoptOpenJDK"/>
    <property name="localRepository" value="C:\Users\COMPUTER\.m2\repository"/>
    <property name="java.vendor.url.bug" value="https://github.com/AdoptOpenJDK/openjdk-support/issues"/>
    <property name="java.io.tmpdir" value="C:\Users\COMPUTER\AppData\Local\Temp\"/>
    <property name="java.version" value="11.0.8"/>
    <property name="user.dir" value="D:\Long_Document\VGU-CS\excercise\java_calendar\calendar"/>
    <property name="os.arch" value="amd64"/>
    <property name="java.vm.specification.name" value="Java Virtual Machine Specification"/>
    <property name="java.awt.printerjob" value="sun.awt.windows.WPrinterJob"/>
    <property name="sun.os.patch.level" value=""/>
    <property name="java.library.path" value="C:\Program Files\AdoptOpenJDK\jdk-11.0.8.10-hotspot\bin;C:\WINDOWS\Sun\Java\bin;C:\WINDOWS\system32;C:\WINDOWS;C:\Program Files\AdoptOpenJDK\jdk-11.0.8.10-hotspot\bin;C:\Program Files (x86)\Common Files\Oracle\Java\javapath;C:\Program Files (x86)\Intel\iCLS Client\;C:\Program Files\Intel\iCLS Client\;C:\WINDOWS\system32;C:\WINDOWS;C:\WINDOWS\System32\Wbem;C:\WINDOWS\System32\WindowsPowerShell\v1.0\;C:\WINDOWS\System32\OpenSSH\;C:\Program Files (x86)\Intel\Intel(R) Management Engine Components\DAL;C:\Program Files\Intel\Intel(R) Management Engine Components\DAL;C:\Program Files (x86)\Intel\Intel(R) Management Engine Components\IPT;C:\Program Files\Intel\Intel(R) Management Engine Components\IPT;C:\Program Files\nodejs\;C:\Program Files\PuTTY\;C:\Program Files\MongoDB\Server\4.0\bin;C:\Program Files\Git\cmd;C:\ProgramData\chocolatey\bin;C:\Program Files\Java\jdk1.8.0_221\bin;C:\Program Files (x86)\Yarn\bin\;C:\Users\COMPUTER\Desktop\tools;C:\Users\COMPUTER\.gradle\wrapper\dists\gradle-5.4.1-all\3221gyojl5jsh0helicew7rwx\gradle-5.4.1\bin;C:\Users\COMPUTER\AppData\Local\platform-tools;C:\MinGW\bin;C:\Program Files (x86)\Common Files\Acronis\SnapAPI\;C:\Program Files\Microsoft SQL Server\130\Tools\Binn\;C:\Program Files\Microsoft SQL Server\Client SDK\ODBC\170\Tools\Binn\;C:\hashcat-5.1.0;C:\Program Files\dotnet\;C:\Program Files (x86)\Microsoft SQL Server\150\Tools\Binn\;C:\Program Files\Microsoft SQL Server\150\Tools\Binn\;C:\Program Files\Microsoft SQL Server\150\DTS\Binn\;C:\Program Files (x86)\Microsoft SQL Server\150\DTS\Binn\;C:\Program Files (x86)\Calibre2\;C:\install\apache-maven-3.6.3\bin;C:\Users\COMPUTER\AppData\Local\Programs\Python\Python37\Scripts\;C:\Users\COMPUTER\AppData\Local\Programs\Python\Python37\;C:\Users\COMPUTER\AppData\Local\Microsoft\WindowsApps;C:\Users\COMPUTER\AppData\Local\Programs\Microsoft VS Code\bin;C:\Users\COMPUTER\AppData\Roaming\npm;C:\tools\dart-sdk\bin;C:\Users\COMPUTER\AppData\Roaming\Pub\Cache\bin;C:\Users\COMPUTER\AppData\Local\Yarn\bin;;C:\tools\neovim\Neovim\bin;;."/>
    <property name="java.vm.info" value="mixed mode"/>
    <property name="java.vendor" value="AdoptOpenJDK"/>
    <property name="java.vm.version" value="11.0.8+10"/>
    <property name="sun.io.unicode.encoding" value="UnicodeLittle"/>
    <property name="java.class.version" value="55.0"/>
  </properties>
  <testcase name="shouldAnswerWithTrue" classname="java_calendar.AppTest" time="0.001"/>
</testsuite>